<?xml version="1.0" encoding="UTF-8"?>
<!-- Generated by org.testng.reporters.JUnitXMLReporter -->
<testsuite ignored="0" hostname="DESKTOP-TNM7DN2" failures="0" tests="4" name="Default test" time="8.908" errors="0" timestamp="2022-10-06T15:01:35 IST">
  <testcase classname="EMP.TC003_Post_New_Emp_Data" name="checkContentType" time="0.022"/>
  <testcase classname="EMP.TC003_Post_New_Emp_Data" name="checkEmpData" time="0.023"/>
  <testcase classname="EMP.TC003_Post_New_Emp_Data" name="checkStatusCode" time="0.004"/>
  <testcase classname="EMP.TC003_Post_New_Emp_Data" name="checkStatusLine" time="0.003"/>
</testsuite> <!-- Default test -->
